#
# A fatal error has been detected by the Java Runtime Environment:
#
#  SIGSEGV (0xb) at pc=0x00007fff8af80250, pid=5471, tid=1799
#
# JRE version: Java(TM) SE Runtime Environment (7.0_40-b43) (build 1.7.0_40-b43)
# Java VM: Java HotSpot(TM) 64-Bit Server VM (24.0-b56 mixed mode bsd-amd64 compressed oops)
# Problematic frame:
# C  [libobjc.A.dylib+0x6250]  objc_msgSend+0x10
#
# Failed to write core dump. Core dumps have been disabled. To enable core dumping, try "ulimit -c unlimited" before starting Java again
#
# If you would like to submit a bug report, please visit:
#   http://bugreport.sun.com/bugreport/crash.jsp
# The crash happened outside the Java Virtual Machine in native code.
# See problematic frame for where to report the bug.
#

---------------  T H R E A D  ---------------

Current thread (0x00007fa97c0c0000):  JavaThread "AppKit Thread" daemon [_thread_in_native, id=1799, stack(0x00007fff5bae2000,0x00007fff5c2e2000)]

siginfo:si_signo=SIGSEGV: si_errno=0, si_code=0 (SEGV0), si_addr=0x0000000000000000

Registers:
RAX=0xb3ad288527cc02e1, RBX=0x00007fa97b13ba90, RCX=0x00007fa97a8130f8, RDX=0x00000000a1a1a1a1
RSP=0x00007fff5c2dcc20, RBP=0x00007fff5c2dcc50, RSI=0x00007fff8cc7d527, RDI=0x00007fa97b13ba90
R8 =0x00007fa97b345580, R9 =0x000000001e6288fb, R10=0x0000000000000000, R11=0x400007fa97b15353
R12=0x00007fa97b33f210, R13=0x00007fa97b3451b0, R14=0x00007fa97a439b00, R15=0x0000000000000000
RIP=0x00007fff8af80250, EFLAGS=0x0000000000010246, ERR=0x0000000000000000
  TRAPNO=0x000000000000000d

Top of Stack: (sp=0x00007fff5c2dcc20)
0x00007fff5c2dcc20:   b3ad288527cc02e1 000000011197467e
0x00007fff5c2dcc30:   00007fa97b33f210 00000001119a6b98
0x00007fff5c2dcc40:   00007fa97b3451b0 00007fa97a44f000
0x00007fff5c2dcc50:   00007fff5c2dd190 00007fff8c444ae3
0x00007fff5c2dcc60:   0000000000000000 0000000000000000
0x00007fff5c2dcc70:   4082c00000000000 4082c00000000000
0x00007fff5c2dcc80:   0000000000000000 0000000000000000
0x00007fff5c2dcc90:   4082c00000000000 4082c00000000000
0x00007fff5c2dcca0:   402c000000000000 4030000000000000
0x00007fff5c2dccb0:   001c000000000000 4082d80000000000
0x00007fff5c2dccc0:   00007fff8cc4393e 0030000000000001
0x00007fff5c2dccd0:   0000000000000000 0000000000000000
0x00007fff5c2dcce0:   00007fa97b14f020 4083700000000000
0x00007fff5c2dccf0:   00007fa97b341590 00007fff5c2dce70
0x00007fff5c2dcd00:   00007fa97b33f210 00007fff00000000
0x00007fff5c2dcd10:   401c000000000000 4082d80000000000
0x00007fff5c2dcd20:   00007fff5c2dce60 00007fff8c454038
0x00007fff5c2dcd30:   401c000000000000 4082d80000000000
0x00007fff5c2dcd40:   402c000000000000 4030000000000000
0x00007fff5c2dcd50:   00007fff5c2dce30 00000001043fcd2d
0x00007fff5c2dcd60:   00007fa97b341590 00007fa97b341590
0x00007fff5c2dcd70:   4082c00000000000 4083700000000000
0x00007fff5c2dcd80:   401c000000000000 4082d80000000000
0x00007fff5c2dcd90:   402c000000000000 4030000000000000
0x00007fff5c2dcda0:   0000000000000000 0000000000000000
0x00007fff5c2dcdb0:   401c000000000000 4082d80000000000
0x00007fff5c2dcdc0:   402c000000000000 4030000000000000
0x00007fff5c2dcdd0:   0000000000000000 0000000000000000
0x00007fff5c2dcde0:   0000000000000000 0000000000000000
0x00007fff5c2dcdf0:   0000000000000000 0000000000000000
0x00007fff5c2dce00:   4082c00000000000 0000000000000000
0x00007fff5c2dce10:   00007fa97b343ee0 0000000000000000 

Instructions: (pc=0x00007fff8af80250)
0x00007fff8af80230:   90 90 90 90 90 90 90 90 90 90 90 90 90 90 90 90
0x00007fff8af80240:   48 85 ff 74 2b 40 f6 c7 01 2e 75 3b 4c 8b 1f 50
0x00007fff8af80250:   4d 8b 53 10 89 f0 41 23 02 4d 8b 5c c2 10 ff c0
0x00007fff8af80260:   4d 85 db 74 36 49 3b 33 75 ec 58 41 ff 63 10 90 

Register to memory mapping:

RAX=0xb3ad288527cc02e1 is an unknown value
RBX=0x00007fa97b13ba90 is an unknown value
RCX=0x00007fa97a8130f8 is an unknown value
RDX=0x00000000a1a1a1a1 is an unknown value
RSP=0x00007fff5c2dcc20 is pointing into the stack for thread: 0x00007fa97c0c0000
RBP=0x00007fff5c2dcc50 is pointing into the stack for thread: 0x00007fa97c0c0000
RSI=0x00007fff8cc7d527: NSAppKitVersionNumber+0x4f947 in /System/Library/Frameworks/AppKit.framework/Versions/C/AppKit at 0x00007fff8c2b1000
RDI=0x00007fa97b13ba90 is an unknown value
R8 =0x00007fa97b345580 is an unknown value
R9 =0x000000001e6288fb is an unknown value
R10=0x0000000000000000 is an unknown value
R11=0x400007fa97b15353 is an unknown value
R12=0x00007fa97b33f210 is an unknown value
R13=0x00007fa97b3451b0 is an unknown value
R14=0x00007fa97a439b00 is an unknown value
R15=0x0000000000000000 is an unknown value


Stack: [0x00007fff5bae2000,0x00007fff5c2e2000],  sp=0x00007fff5c2dcc20,  free space=8171k
Native frames: (J=compiled Java code, j=interpreted, Vv=VM code, C=native code)
C  [libobjc.A.dylib+0x6250]  objc_msgSend+0x10
C  [AppKit+0x193ae3]  -[NSView _recursiveDisplayRectIfNeededIgnoringOpacity:isVisibleRect:rectIsVisibleRectForView:topView:]+0x722
C  [AppKit+0x194a44]  -[NSView _recursiveDisplayRectIfNeededIgnoringOpacity:isVisibleRect:rectIsVisibleRectForView:topView:]+0x1683
C  [AppKit+0x193143]  -[NSThemeFrame _recursiveDisplayRectIfNeededIgnoringOpacity:isVisibleRect:rectIsVisibleRectForView:topView:]+0x13a
C  [AppKit+0x18ed6d]  -[NSView _displayRectIgnoringOpacity:isVisibleRect:rectIsVisibleRectForView:]+0x1243
C  [AppKit+0x158c93]  -[NSView displayIfNeeded]+0x726
C  [AppKit+0x1581cc]  _handleWindowNeedsDisplayOrLayoutOrUpdateConstraints+0x2e2
C  [Foundation+0x74463]  __NSFireTimer+0x60
C  [CoreFoundation+0x50804]  __CFRUNLOOP_IS_CALLING_OUT_TO_A_TIMER_CALLBACK_FUNCTION__+0x14
C  [CoreFoundation+0x5031d]  __CFRunLoopDoTimer+0x22d
C  [CoreFoundation+0x35ad9]  __CFRunLoopRun+0x5f9
C  [CoreFoundation+0x350e2]  CFRunLoopRunSpecific+0x122
C  [HIToolbox+0x5feb4]  RunCurrentEventLoopInMode+0xd1
C  [HIToolbox+0x5fc52]  ReceiveNextEventCommon+0x164
C  [HIToolbox+0x5fae3]  BlockUntilNextEventMatchingListInMode+0x3e
C  [AppKit+0x155533]  _DPSNextEvent+0x2ad
C  [AppKit+0x154df2]  -[NSApplication nextEventMatchingMask:untilDate:inMode:dequeue:]+0x80
C  [libosxapp.dylib+0x16f4]  -[NSApplicationAWT nextEventMatchingMask:untilDate:inMode:dequeue:]+0x7c
C  [AppKit+0x14c1a3]  -[NSApplication run]+0x205
C  [libosxapp.dylib+0x1557]  +[NSApplicationAWT runAWTLoopWithApp:]+0x9c
C  [liblwawt.dylib+0xdb99]  -[AWTStarter starter:]+0x369
C  [Foundation+0x935ca]  __NSThreadPerformPerform+0xe1
C  [CoreFoundation+0x12b31]  __CFRUNLOOP_IS_CALLING_OUT_TO_A_SOURCE0_PERFORM_FUNCTION__+0x11
C  [CoreFoundation+0x12455]  __CFRunLoopDoSources0+0xf5
C  [CoreFoundation+0x357f5]  __CFRunLoopRun+0x315
C  [CoreFoundation+0x350e2]  CFRunLoopRunSpecific+0x122
C  [java+0x73b0]  CreateExecutionEnvironment+0x367
C  [java+0x1b5c]  JLI_Launch+0x7a0
C  [java+0x770d]  main+0x65
C  [java+0x13b4]  start+0x34


---------------  P R O C E S S  ---------------

Java Threads: ( => current thread )
  0x00007fa97aa1f800 JavaThread "AWT-Shutdown" [_thread_blocked, id=38747, stack(0x00000001146dc000,0x00000001147dc000)]
=>0x00007fa97c0c0000 JavaThread "AppKit Thread" daemon [_thread_in_native, id=1799, stack(0x00007fff5bae2000,0x00007fff5c2e2000)]
  0x00007fa97c04a800 JavaThread "Service Thread" daemon [_thread_blocked, id=22787, stack(0x000000010d95f000,0x000000010da5f000)]
  0x00007fa97c04a000 JavaThread "C2 CompilerThread1" daemon [_thread_blocked, id=22275, stack(0x000000010d85c000,0x000000010d95c000)]
  0x00007fa97c048000 JavaThread "C2 CompilerThread0" daemon [_thread_blocked, id=21763, stack(0x000000010d759000,0x000000010d859000)]
  0x00007fa97c047000 JavaThread "Signal Dispatcher" daemon [_thread_blocked, id=21251, stack(0x000000010d656000,0x000000010d756000)]
  0x00007fa97c031800 JavaThread "Finalizer" daemon [_thread_blocked, id=16899, stack(0x000000010d3fc000,0x000000010d4fc000)]
  0x00007fa97c02e800 JavaThread "Reference Handler" daemon [_thread_blocked, id=16387, stack(0x000000010d2f9000,0x000000010d3f9000)]
  0x00007fa97c005000 JavaThread "main" [_thread_in_native, id=6403, stack(0x0000000106028000,0x0000000106128000)]

Other Threads:
  0x00007fa97a81c800 VMThread [stack: 0x000000010d1f6000,0x000000010d2f6000] [id=15875]
  0x00007fa97c032800 WatcherThread [stack: 0x000000010da62000,0x000000010db62000] [id=23299]

VM state:not at safepoint (normal execution)

VM Mutex/Monitor currently owned by a thread: None

Heap
 PSYoungGen      total 19456K, used 9495K [0x00000007eaa80000, 0x00000007ec000000, 0x0000000800000000)
  eden space 16896K, 56% used [0x00000007eaa80000,0x00000007eb3c5de0,0x00000007ebb00000)
  from space 2560K, 0% used [0x00000007ebd80000,0x00000007ebd80000,0x00000007ec000000)
  to   space 2560K, 0% used [0x00000007ebb00000,0x00000007ebb00000,0x00000007ebd80000)
 ParOldGen       total 43520K, used 0K [0x00000007c0000000, 0x00000007c2a80000, 0x00000007eaa80000)
  object space 43520K, 0% used [0x00000007c0000000,0x00000007c0000000,0x00000007c2a80000)
 PSPermGen       total 21504K, used 5942K [0x00000007bae00000, 0x00000007bc300000, 0x00000007c0000000)
  object space 21504K, 27% used [0x00000007bae00000,0x00000007bb3cda30,0x00000007bc300000)

Card table byte_map: [0x00000001092bb000,0x00000001094e5000] byte_map_base: 0x00000001054e4000

Polling page: 0x000000010393a000

Code Cache  [0x00000001061fb000, 0x000000010646b000, 0x00000001091fb000)
 total_blobs=424 nmethods=94 adapters=285 free_code_cache=48478Kb largest_free_block=49619136

Compilation events (10 events):
Event: 10.375 Thread 0x00007fa97c04a000 nmethod 89 0x0000000106289b50 code [0x0000000106289ca0, 0x0000000106289db8]
Event: 10.375 Thread 0x00007fa97c04a000   90             java.util.ArrayList::access$200 (5 bytes)
Event: 10.375 Thread 0x00007fa97c04a000 nmethod 90 0x0000000106289950 code [0x0000000106289a80, 0x0000000106289ad8]
Event: 10.618 Thread 0x00007fa97c048000 nmethod 86 0x0000000106297090 code [0x0000000106297c20, 0x000000010629def8]
Event: 13.458 Thread 0x00007fa97c04a000   91             java.nio.DirectIntBufferU::ix (10 bytes)
Event: 13.459 Thread 0x00007fa97c04a000 nmethod 91 0x0000000106289750 code [0x0000000106289880, 0x00000001062898f8]
Event: 14.509 Thread 0x00007fa97c048000   92             org.newdawn.slick.Graphics::drawLine (216 bytes)
Event: 14.538 Thread 0x00007fa97c048000 nmethod 92 0x000000010628e010 code [0x000000010628e5a0, 0x0000000106290500]
Event: 14.847 Thread 0x00007fa97c04a000   93   !         org.lwjgl.opengl.Display::isCreated (17 bytes)
Event: 14.848 Thread 0x00007fa97c04a000 nmethod 93 0x0000000106289310 code [0x0000000106289460, 0x00000001062896b8]

GC Heap History (0 events):
No events

Deoptimization events (1 events):
Event: 0.849 Thread 0x00007fa97c005000 Uncommon trap: reason=unloaded action=reinterpret pc=0x0000000106278010 method=java.io.BufferedReader.readLine(Z)Ljava/lang/String; @ 268

Internal exceptions (10 events):
Event: 0.860 Thread 0x00007fa97c005000 Threw 0x00000007eb0cf930 at /HUDSON/workspace/jdk7u40-2-build-macosx-amd64-product/jdk7u40/hotspot/src/share/vm/classfile/systemDictionary.cpp:174
Event: 0.860 Thread 0x00007fa97c005000 Threw 0x00000007eb0d0fc0 at /HUDSON/workspace/jdk7u40-2-build-macosx-amd64-product/jdk7u40/hotspot/src/share/vm/prims/jvm.cpp:1244
Event: 0.862 Thread 0x00007fa97c005000 Threw 0x00000007eb0d2ea8 at /HUDSON/workspace/jdk7u40-2-build-macosx-amd64-product/jdk7u40/hotspot/src/share/vm/prims/jvm.cpp:1244
Event: 0.869 Thread 0x00007fa97c005000 Threw 0x00000007eb0d5ef0 at /HUDSON/workspace/jdk7u40-2-build-macosx-amd64-product/jdk7u40/hotspot/src/share/vm/prims/jvm.cpp:1244
Event: 0.874 Thread 0x00007fa97c005000 Threw 0x00000007eb0dd0f8 at /HUDSON/workspace/jdk7u40-2-build-macosx-amd64-product/jdk7u40/hotspot/src/share/vm/prims/jvm.cpp:1244
Event: 0.875 Thread 0x00007fa97c005000 Threw 0x00000007eb0e0118 at /HUDSON/workspace/jdk7u40-2-build-macosx-amd64-product/jdk7u40/hotspot/src/share/vm/prims/jvm.cpp:1244
Event: 0.878 Thread 0x00007fa97c005000 Threw 0x00000007eb0e44b0 at /HUDSON/workspace/jdk7u40-2-build-macosx-amd64-product/jdk7u40/hotspot/src/share/vm/prims/jvm.cpp:1244
Event: 0.879 Thread 0x00007fa97c005000 Threw 0x00000007eb0e8fe0 at /HUDSON/workspace/jdk7u40-2-build-macosx-amd64-product/jdk7u40/hotspot/src/share/vm/prims/jvm.cpp:1244
Event: 2.524 Thread 0x00007fa97c005000 Threw 0x00000007eb118588 at /HUDSON/workspace/jdk7u40-2-build-macosx-amd64-product/jdk7u40/hotspot/src/share/vm/prims/jvm.cpp:1244
Event: 16.848 Thread 0x00007fa97c005000 Threw 0x00000007eb3b5698 at /HUDSON/workspace/jdk7u40-2-build-macosx-amd64-product/jdk7u40/hotspot/src/share/vm/prims/jvm.cpp:1244

Events (10 events):
Event: 7.820 Executing VM operation: RevokeBias
Event: 7.820 Executing VM operation: RevokeBias done
Event: 7.821 Thread 0x00007fa97c852800 Thread exited: 0x00007fa97c852800
Event: 9.923 Thread 0x00007fa97a960800 Thread added: 0x00007fa97a960800
Event: 13.343 Executing VM operation: RevokeBias
Event: 13.343 Executing VM operation: RevokeBias done
Event: 13.343 Thread 0x00007fa97a960800 Thread exited: 0x00007fa97a960800
Event: 14.547 Thread 0x00007fa97aa1f800 Thread added: 0x00007fa97aa1f800
Event: 16.848 loading class 0x00007fa97b02d0c0
Event: 16.848 loading class 0x00007fa97b02d0c0 done


Dynamic libraries:
0x000000000ab3d000 	/System/Library/Frameworks/Cocoa.framework/Versions/A/Cocoa
0x000000000ab3d000 	/System/Library/Frameworks/Security.framework/Versions/A/Security
0x000000000ab3d000 	/System/Library/Frameworks/ApplicationServices.framework/Versions/A/ApplicationServices
0x000000000ab3d000 	/usr/lib/libz.1.dylib
0x000000000ab3d000 	/usr/lib/libSystem.B.dylib
0x000000000ab3d000 	/usr/lib/libobjc.A.dylib
0x000000000ab3d000 	/System/Library/Frameworks/CoreFoundation.framework/Versions/A/CoreFoundation
0x000000000ab3d000 	/System/Library/Frameworks/Foundation.framework/Versions/C/Foundation
0x000000000ab3d000 	/System/Library/Frameworks/AppKit.framework/Versions/C/AppKit
0x000000000ab3d000 	/System/Library/Frameworks/CoreData.framework/Versions/A/CoreData
0x000000000ab3d000 	/System/Library/PrivateFrameworks/RemoteViewServices.framework/Versions/A/RemoteViewServices
0x000000010393b000 	/System/Library/Frameworks/AudioToolbox.framework/Versions/A/AudioToolbox
0x0000000103b1b000 	/System/Library/Frameworks/AudioUnit.framework/Versions/A/AudioUnit
0x000000000ab3d000 	/System/Library/PrivateFrameworks/DataDetectorsCore.framework/Versions/A/DataDetectorsCore
0x000000000ab3d000 	/System/Library/PrivateFrameworks/DesktopServicesPriv.framework/Versions/A/DesktopServicesPriv
0x000000000ab3d000 	/System/Library/Frameworks/Carbon.framework/Versions/A/Frameworks/HIToolbox.framework/Versions/A/HIToolbox
0x000000000ab3d000 	/System/Library/Frameworks/QuartzCore.framework/Versions/A/QuartzCore
0x000000000ab3d000 	/System/Library/Frameworks/Carbon.framework/Versions/A/Frameworks/SpeechRecognition.framework/Versions/A/SpeechRecognition
0x000000000ab3d000 	/usr/lib/libauto.dylib
0x000000000ab3d000 	/usr/lib/libicucore.A.dylib
0x000000000ab3d000 	/usr/lib/libxml2.2.dylib
0x000000000ab3d000 	/System/Library/PrivateFrameworks/CoreUI.framework/Versions/A/CoreUI
0x0000000103b25000 	/System/Library/Frameworks/CoreAudio.framework/Versions/A/CoreAudio
0x000000000ab3d000 	/System/Library/Frameworks/DiskArbitration.framework/Versions/A/DiskArbitration
0x000000000ab3d000 	/usr/lib/liblangid.dylib
0x0000000103baf000 	/System/Library/PrivateFrameworks/MultitouchSupport.framework/Versions/A/MultitouchSupport
0x0000000103bd9000 	/System/Library/Frameworks/IOKit.framework/Versions/A/IOKit
0x000000000ab3d000 	/usr/lib/libDiagnosticMessagesClient.dylib
0x000000000ab3d000 	/System/Library/Frameworks/CoreServices.framework/Versions/A/CoreServices
0x000000000ab3d000 	/System/Library/PrivateFrameworks/PerformanceAnalysis.framework/Versions/A/PerformanceAnalysis
0x000000000ab3d000 	/System/Library/PrivateFrameworks/GenerationalStorage.framework/Versions/A/GenerationalStorage
0x0000000103c77000 	/System/Library/Frameworks/OpenGL.framework/Versions/A/OpenGL
0x0000000103c8f000 	/System/Library/Frameworks/CoreText.framework/Versions/A/CoreText
0x0000000103dc5000 	/System/Library/Frameworks/ImageIO.framework/Versions/A/ImageIO
0x000000000ab3d000 	/System/Library/PrivateFrameworks/Backup.framework/Versions/A/Backup
0x0000000103f40000 	/System/Library/Frameworks/CFNetwork.framework/Versions/A/CFNetwork
0x000000000ab3d000 	/System/Library/Frameworks/SystemConfiguration.framework/Versions/A/SystemConfiguration
0x000000000ab3d000 	/usr/lib/libCRFSuite.dylib
0x000000000ab3d000 	/System/Library/PrivateFrameworks/TCC.framework/Versions/A/TCC
0x000000000ab3d000 	/usr/lib/libc++.1.dylib
0x000000000ab3d000 	/usr/lib/libc++abi.dylib
0x000000000ab3d000 	/usr/lib/system/libcache.dylib
0x000000000ab3d000 	/usr/lib/system/libcommonCrypto.dylib
0x000000000ab3d000 	/usr/lib/system/libcompiler_rt.dylib
0x000000000ab3d000 	/usr/lib/system/libcopyfile.dylib
0x000000000ab3d000 	/usr/lib/system/libdispatch.dylib
0x000000000ab3d000 	/usr/lib/system/libdnsinfo.dylib
0x000000000ab3d000 	/usr/lib/system/libdyld.dylib
0x000000000ab3d000 	/usr/lib/system/libkeymgr.dylib
0x000000000ab3d000 	/usr/lib/system/liblaunch.dylib
0x000000000ab3d000 	/usr/lib/system/libmacho.dylib
0x000000000ab3d000 	/usr/lib/system/libquarantine.dylib
0x000000000ab3d000 	/usr/lib/system/libremovefile.dylib
0x000000000ab3d000 	/usr/lib/system/libsystem_blocks.dylib
0x000000010417b000 	/usr/lib/system/libsystem_c.dylib
0x000000000ab3d000 	/usr/lib/system/libsystem_dnssd.dylib
0x000000000ab3d000 	/usr/lib/system/libsystem_info.dylib
0x0000000104291000 	/usr/lib/system/libsystem_kernel.dylib
0x000000000ab3d000 	/usr/lib/system/libsystem_m.dylib
0x000000000ab3d000 	/usr/lib/system/libsystem_network.dylib
0x000000000ab3d000 	/usr/lib/system/libsystem_notify.dylib
0x000000000ab3d000 	/usr/lib/system/libsystem_sandbox.dylib
0x000000000ab3d000 	/usr/lib/system/libunc.dylib
0x000000000ab3d000 	/usr/lib/system/libunwind.dylib
0x000000000ab3d000 	/usr/lib/system/libxpc.dylib
0x000000000ab3d000 	/usr/lib/system/libcorecrypto.dylib
0x000000000ab3d000 	/usr/lib/libstdc++.6.dylib
0x000000000ab3d000 	/usr/lib/libbsm.0.dylib
0x000000000ab3d000 	/usr/lib/libsqlite3.dylib
0x000000000ab3d000 	/usr/lib/libxar.1.dylib
0x000000000ab3d000 	/usr/lib/libpam.2.dylib
0x000000000ab3d000 	/usr/lib/libOpenScriptingUtil.dylib
0x000000000ab3d000 	/usr/lib/libbz2.1.0.dylib
0x000000000ab3d000 	/System/Library/Frameworks/CoreServices.framework/Versions/A/Frameworks/CarbonCore.framework/Versions/A/CarbonCore
0x0000000103abf000 	/System/Library/Frameworks/CoreServices.framework/Versions/A/Frameworks/Metadata.framework/Versions/A/Metadata
0x000000000ab3d000 	/System/Library/Frameworks/CoreServices.framework/Versions/A/Frameworks/OSServices.framework/Versions/A/OSServices
0x000000000ab3d000 	/System/Library/Frameworks/CoreServices.framework/Versions/A/Frameworks/SearchKit.framework/Versions/A/SearchKit
0x000000000ab3d000 	/System/Library/Frameworks/CoreServices.framework/Versions/A/Frameworks/AE.framework/Versions/A/AE
0x000000000ab3d000 	/System/Library/Frameworks/CoreServices.framework/Versions/A/Frameworks/LaunchServices.framework/Versions/A/LaunchServices
0x000000000ab3d000 	/System/Library/Frameworks/CoreServices.framework/Versions/A/Frameworks/DictionaryServices.framework/Versions/A/DictionaryServices
0x000000000ab3d000 	/System/Library/Frameworks/NetFS.framework/Versions/A/NetFS
0x0000000104397000 	/usr/lib/system/libkxld.dylib
0x000000000ab3d000 	/System/Library/PrivateFrameworks/NetAuth.framework/Versions/A/NetAuth
0x000000000ab3d000 	/System/Library/Frameworks/OpenDirectory.framework/Versions/A/Frameworks/CFOpenDirectory.framework/Versions/A/CFOpenDirectory
0x000000000ab3d000 	/usr/lib/libxslt.1.dylib
0x000000000ab3d000 	/System/Library/PrivateFrameworks/FamilyControls.framework/Versions/A/FamilyControls
0x000000000ab3d000 	/System/Library/Frameworks/Carbon.framework/Versions/A/Frameworks/Ink.framework/Versions/A/Ink
0x00000001043af000 	/System/Library/Frameworks/ApplicationServices.framework/Versions/A/Frameworks/CoreGraphics.framework/Versions/A/CoreGraphics
0x000000000ab3d000 	/System/Library/Frameworks/ApplicationServices.framework/Versions/A/Frameworks/ATS.framework/Versions/A/ATS
0x000000000ab3d000 	/System/Library/Frameworks/ApplicationServices.framework/Versions/A/Frameworks/ColorSync.framework/Versions/A/ColorSync
0x000000000ab3d000 	/System/Library/Frameworks/ApplicationServices.framework/Versions/A/Frameworks/HIServices.framework/Versions/A/HIServices
0x000000000ab3d000 	/System/Library/Frameworks/ApplicationServices.framework/Versions/A/Frameworks/LangAnalysis.framework/Versions/A/LangAnalysis
0x000000000ab3d000 	/System/Library/Frameworks/ApplicationServices.framework/Versions/A/Frameworks/PrintCore.framework/Versions/A/PrintCore
0x000000000ab3d000 	/System/Library/Frameworks/ApplicationServices.framework/Versions/A/Frameworks/QD.framework/Versions/A/QD
0x000000000ab3d000 	/System/Library/Frameworks/ApplicationServices.framework/Versions/A/Frameworks/SpeechSynthesis.framework/Versions/A/SpeechSynthesis
0x000000000ab3d000 	/System/Library/Frameworks/IOSurface.framework/Versions/A/IOSurface
0x0000000104e4b000 	/System/Library/Frameworks/Accelerate.framework/Versions/A/Accelerate
0x000000000ab3d000 	/System/Library/Frameworks/ApplicationServices.framework/Versions/A/Frameworks/ATS.framework/Versions/A/Resources/libFontParser.dylib
0x000000000ab3d000 	/System/Library/Frameworks/ApplicationServices.framework/Versions/A/Frameworks/ATS.framework/Versions/A/Resources/libFontRegistry.dylib
0x000000000ab3d000 	/System/Library/Frameworks/Accelerate.framework/Versions/A/Frameworks/vImage.framework/Versions/A/vImage
0x0000000104e52000 	/System/Library/Frameworks/Accelerate.framework/Versions/A/Frameworks/vecLib.framework/Versions/A/vecLib
0x0000000104e5a000 	/System/Library/Frameworks/Accelerate.framework/Versions/A/Frameworks/vecLib.framework/Versions/A/libvDSP.dylib
0x0000000104ecb000 	/System/Library/Frameworks/Accelerate.framework/Versions/A/Frameworks/vecLib.framework/Versions/A/libvMisc.dylib
0x000000000ab3d000 	/System/Library/Frameworks/Accelerate.framework/Versions/A/Frameworks/vecLib.framework/Versions/A/libLAPACK.dylib
0x000000000ab3d000 	/System/Library/Frameworks/Accelerate.framework/Versions/A/Frameworks/vecLib.framework/Versions/A/libBLAS.dylib
0x0000000104f75000 	/System/Library/Frameworks/ImageIO.framework/Versions/A/Resources/libJPEG.dylib
0x0000000104faa000 	/System/Library/Frameworks/ImageIO.framework/Versions/A/Resources/libTIFF.dylib
0x000000010500d000 	/System/Library/Frameworks/ImageIO.framework/Versions/A/Resources/libPng.dylib
0x0000000105036000 	/System/Library/Frameworks/ImageIO.framework/Versions/A/Resources/libGIF.dylib
0x0000000105046000 	/System/Library/Frameworks/ImageIO.framework/Versions/A/Resources/libJP2.dylib
0x0000000105176000 	/System/Library/Frameworks/ImageIO.framework/Versions/A/Resources/libRadiance.dylib
0x0000000105183000 	/usr/lib/libcups.2.dylib
0x000000000ab3d000 	/System/Library/Frameworks/Kerberos.framework/Versions/A/Kerberos
0x00000001051e0000 	/System/Library/Frameworks/GSS.framework/Versions/A/GSS
0x000000000ab3d000 	/usr/lib/libresolv.9.dylib
0x000000000ab3d000 	/usr/lib/libiconv.2.dylib
0x000000010523f000 	/System/Library/PrivateFrameworks/Heimdal.framework/Versions/A/Heimdal
0x000000000ab3d000 	/System/Library/PrivateFrameworks/TrustEvaluationAgent.framework/Versions/A/TrustEvaluationAgent
0x000000000ab3d000 	/System/Library/Frameworks/OpenDirectory.framework/Versions/A/OpenDirectory
0x00000001052f2000 	/System/Library/PrivateFrameworks/CommonAuth.framework/Versions/A/CommonAuth
0x000000000ab3d000 	/System/Library/PrivateFrameworks/Bom.framework/Versions/A/Bom
0x000000000ab3d000 	/System/Library/Frameworks/CoreVideo.framework/Versions/A/CoreVideo
0x000000000ab3d000 	/System/Library/Frameworks/QuartzCore.framework/Versions/A/Frameworks/CoreImage.framework/Versions/A/CoreImage
0x000000000ab3d000 	/System/Library/Frameworks/QuartzCore.framework/Versions/A/Frameworks/ScalableUserInterface.framework/Versions/A/ScalableUserInterface
0x0000000105306000 	/System/Library/Frameworks/OpenGL.framework/Versions/A/Libraries/libGLU.dylib
0x0000000105360000 	/System/Library/Frameworks/OpenGL.framework/Versions/A/Libraries/libGFXShared.dylib
0x000000010536d000 	/System/Library/Frameworks/OpenGL.framework/Versions/A/Libraries/libGL.dylib
0x0000000105399000 	/System/Library/Frameworks/OpenGL.framework/Versions/A/Libraries/libGLImage.dylib
0x00000001053df000 	/System/Library/Frameworks/OpenGL.framework/Versions/A/Libraries/libCVMSPluginSupport.dylib
0x00000001053eb000 	/System/Library/Frameworks/OpenGL.framework/Versions/A/Libraries/libCoreVMClient.dylib
0x000000000ab3d000 	/System/Library/PrivateFrameworks/CrashReporterSupport.framework/Versions/A/CrashReporterSupport
0x000000000ab3d000 	/System/Library/Frameworks/OpenCL.framework/Versions/A/OpenCL
0x000000000ab3d000 	/System/Library/PrivateFrameworks/FaceCoreLight.framework/Versions/A/FaceCoreLight
0x000000000ab3d000 	/System/Library/PrivateFrameworks/AppleFSCompression.framework/Versions/A/AppleFSCompression
0x000000000ab3d000 	/System/Library/PrivateFrameworks/Ubiquity.framework/Versions/A/Ubiquity
0x000000000ab3d000 	/System/Library/Frameworks/ServiceManagement.framework/Versions/A/ServiceManagement
0x000000000ab3d000 	/System/Library/PrivateFrameworks/ChunkingLibrary.framework/Versions/A/ChunkingLibrary
0x00000001053fa000 	/System/Library/Frameworks/vecLib.framework/Versions/A/vecLib
0x000000000ab3d000 	/System/Library/Frameworks/SecurityFoundation.framework/Versions/A/SecurityFoundation
0x00000001053fe000 	/System/Library/PrivateFrameworks/CommerceKit.framework/Versions/A/Frameworks/CommerceCore.framework/Versions/A/CommerceCore
0x0000000105412000 	/System/Library/PrivateFrameworks/CoreSymbolication.framework/Versions/A/CoreSymbolication
0x000000000ab3d000 	/System/Library/PrivateFrameworks/Symbolication.framework/Versions/A/Symbolication
0x000000000ab3d000 	/System/Library/PrivateFrameworks/DebugSymbols.framework/Versions/A/DebugSymbols
0x00000001055d5000 	/Library/Java/JavaVirtualMachines/jdk1.7.0_40.jdk/Contents/Home/jre/lib/server/libjvm.dylib
0x000000010612a000 	/Library/Java/JavaVirtualMachines/jdk1.7.0_40.jdk/Contents/Home/jre/lib/libverify.dylib
0x0000000106137000 	/Library/Java/JavaVirtualMachines/jdk1.7.0_40.jdk/Contents/Home/jre/lib/libjava.dylib
0x00000001061f2000 	/Library/Java/JavaVirtualMachines/jdk1.7.0_40.jdk/Contents/Home/jre/lib/libzip.dylib
0x000000010d4fe000 	/System/Library/Frameworks/JavaVM.framework/Frameworks/JavaRuntimeSupport.framework/JavaRuntimeSupport
0x000000010d516000 	/System/Library/Frameworks/JavaVM.framework/Versions/A/Frameworks/JavaNativeFoundation.framework/Versions/A/JavaNativeFoundation
0x000000010d52b000 	/System/Library/Frameworks/JavaVM.framework/Versions/A/JavaVM
0x000000000ab3d000 	/System/Library/Frameworks/Carbon.framework/Versions/A/Carbon
0x000000010d538000 	/System/Library/PrivateFrameworks/JavaLaunching.framework/Versions/A/JavaLaunching
0x000000000ab3d000 	/System/Library/Frameworks/Carbon.framework/Versions/A/Frameworks/CommonPanels.framework/Versions/A/CommonPanels
0x000000000ab3d000 	/System/Library/Frameworks/Carbon.framework/Versions/A/Frameworks/Help.framework/Versions/A/Help
0x000000000ab3d000 	/System/Library/Frameworks/Carbon.framework/Versions/A/Frameworks/ImageCapture.framework/Versions/A/ImageCapture
0x000000000ab3d000 	/System/Library/Frameworks/Carbon.framework/Versions/A/Frameworks/OpenScripting.framework/Versions/A/OpenScripting
0x000000000ab3d000 	/System/Library/Frameworks/Carbon.framework/Versions/A/Frameworks/Print.framework/Versions/A/Print
0x000000000ab3d000 	/System/Library/Frameworks/Carbon.framework/Versions/A/Frameworks/SecurityHI.framework/Versions/A/SecurityHI
0x000000010dbcd000 	/Library/Java/JavaVirtualMachines/jdk1.7.0_40.jdk/Contents/Home/jre/lib/libawt.dylib
0x000000010dc7c000 	/Library/Java/JavaVirtualMachines/jdk1.7.0_40.jdk/Contents/Home/jre/lib/./libmlib_image.dylib
0x000000010dd48000 	/Library/Java/JavaVirtualMachines/jdk1.7.0_40.jdk/Contents/Home/jre/lib/lwawt/liblwawt.dylib
0x000000010ddfc000 	/Library/Java/JavaVirtualMachines/jdk1.7.0_40.jdk/Contents/Home/jre/lib/libosxapp.dylib
0x000000010428a000 	/System/Library/Frameworks/ExceptionHandling.framework/Versions/A/ExceptionHandling
0x000000000ab3d000 	/System/Library/PrivateFrameworks/CoreServicesInternal.framework/Versions/A/CoreServicesInternal
0x000000000ab3d000 	/System/Library/PrivateFrameworks/Librarian.framework/Versions/A/Librarian
0x000000010f196000 	/System/Library/Frameworks/ApplicationServices.framework/Versions/A/Frameworks/CoreGraphics.framework/Versions/A/Resources/libCSync.A.dylib
0x000000010f1cd000 	/System/Library/Frameworks/ApplicationServices.framework/Versions/A/Frameworks/CoreGraphics.framework/Versions/A/Resources/libRIP.A.dylib
0x000000010f218000 	/System/Library/Frameworks/ApplicationServices.framework/Versions/A/Frameworks/CoreGraphics.framework/Versions/A/Resources/libCGXType.A.dylib
0x0000000111901000 	/Library/Java/JavaVirtualMachines/jdk1.7.0_40.jdk/Contents/Home/jre/lib/libfontmanager.dylib
0x000000011196b000 	/Users/Burmeister-BrownH/Downloads/zlwjgl-2.9.0/native/macosx/liblwjgl.jnilib
0x0000000104fa5000 	/Library/Java/JavaVirtualMachines/jdk1.7.0_40.jdk/Contents/Home/jre/lib/libjawt.dylib
0x000000010f22e000 	/Library/Java/JavaVirtualMachines/jdk1.7.0_40.jdk/Contents/Home/jre/lib/libnio.dylib
0x000000010f23d000 	/Library/Java/JavaVirtualMachines/jdk1.7.0_40.jdk/Contents/Home/jre/lib/./libnet.dylib
0x0000000111a2e000 	/System/Library/Frameworks/OpenGL.framework/Resources/GLEngine.bundle/GLEngine
0x0000000111c23000 	/System/Library/Frameworks/OpenGL.framework/Versions/A/Libraries/libGLProgrammability.dylib
0x0000000000000000 	/System/Library/Extensions/GeForceGLDriver.bundle/Contents/MacOS/GeForceGLDriver
0x000000010fff2000 	/System/Library/PrivateFrameworks/GPUSupport.framework/Versions/A/Libraries/libGPUSupport.dylib
0x0000000111dcb000 	/System/Library/Extensions/GeForceGLDriver.bundle/Contents/MacOS/libclh.dylib
0x0000000112652000 	/System/Library/Extensions/AppleIntelHDGraphicsGLDriver.bundle/Contents/MacOS/AppleIntelHDGraphicsGLDriver
0x0000000112b15000 	/System/Library/Frameworks/OpenGL.framework/Resources//GLRendererFloat.bundle/GLRendererFloat
0x0000000110006000 	/System/Library/Frameworks/OpenCL.framework/Versions/A/Libraries/libcldcpuengine.dylib
0x000000000ab3d000 	/System/Library/PrivateFrameworks/DiskImages.framework/Versions/A/DiskImages
0x000000000ab3d000 	/System/Library/Frameworks/DiscRecording.framework/Versions/A/DiscRecording
0x000000000ab3d000 	/usr/lib/libcurl.4.dylib
0x000000000ab3d000 	/System/Library/PrivateFrameworks/MediaKit.framework/Versions/A/MediaKit
0x0000000112b49000 	/usr/lib/libssl.0.9.8.dylib
0x0000000112b98000 	/usr/lib/libcrypto.0.9.8.dylib
0x0000000112d02000 	/System/Library/Frameworks/LDAP.framework/Versions/A/LDAP
0x000000000ab3d000 	/usr/lib/libsasl2.2.dylib

VM Arguments:
jvm_args: -Djava.library.path=/Users/Burmeister-BrownH/Downloads/zlwjgl-2.9.0/native/macosx -Dfile.encoding=MacRoman 
java_command: Runner
Launcher Type: SUN_STANDARD

Environment Variables:
PATH=/usr/bin:/bin:/usr/sbin:/sbin
SHELL=/bin/bash

Signal Handlers:
SIGSEGV: [libjvm.dylib+0x524b25], sa_mask[0]=0xfffefeff, sa_flags=0x00000043
SIGBUS: [libjvm.dylib+0x524b25], sa_mask[0]=0xfffefeff, sa_flags=0x00000042
SIGFPE: [libjvm.dylib+0x4180e6], sa_mask[0]=0xfffefeff, sa_flags=0x00000042
SIGPIPE: [libjvm.dylib+0x4180e6], sa_mask[0]=0xfffefeff, sa_flags=0x00000042
SIGXFSZ: [libjvm.dylib+0x4180e6], sa_mask[0]=0xfffefeff, sa_flags=0x00000042
SIGILL: [libjvm.dylib+0x4180e6], sa_mask[0]=0xfffefeff, sa_flags=0x00000042
SIGUSR1: SIG_DFL, sa_mask[0]=0x00000000, sa_flags=0x00000002
SIGUSR2: [libjvm.dylib+0x417bd8], sa_mask[0]=0x00000004, sa_flags=0x00000042
SIGHUP: [libjvm.dylib+0x415e67], sa_mask[0]=0xfffefeff, sa_flags=0x00000042
SIGINT: [libjvm.dylib+0x415e67], sa_mask[0]=0xfffefeff, sa_flags=0x00000042
SIGTERM: [libjvm.dylib+0x415e67], sa_mask[0]=0xfffefeff, sa_flags=0x00000042
SIGQUIT: [libjvm.dylib+0x415e67], sa_mask[0]=0xfffefeff, sa_flags=0x00000042


---------------  S Y S T E M  ---------------

OS:Bsduname:Darwin 12.4.0 Darwin Kernel Version 12.4.0: Wed May  1 17:57:12 PDT 2013; root:xnu-2050.24.15~1/RELEASE_X86_64 x86_64
rlimit: STACK 8192k, CORE 0k, NPROC 709, NOFILE 10240, AS infinity
load average:1.78 1.52 1.52

CPU:total 4 (2 cores per cpu, 2 threads per core) family 6 model 37 stepping 5, cmov, cx8, fxsr, mmx, sse, sse2, sse3, ssse3, sse4.1, sse4.2, popcnt, aes, ht, tsc, tscinvbit

Memory: 4k page, physical 4194304k(1048576k free)

/proc/meminfo:


vm_info: Java HotSpot(TM) 64-Bit Server VM (24.0-b56) for bsd-amd64 JRE (1.7.0_40-b43), built on Aug 26 2013 21:29:19 by "java_re" with gcc 4.2.1 (Based on Apple Inc. build 5658) (LLVM build 2336.11.00)

time: Tue Oct 15 16:07:11 2013
elapsed time: 16 seconds

